2020-11-20T20:39:23.330261Z	info	tf	=== Test Framework Settings ===
2020-11-20T20:39:23.330373Z	info	tf	TestID:            telemetry_stats_prometheus_tcp
RunID:             1c647b8e-5fab-4701-8ebc-d48197d1228a
NoCleanup:         true
BaseDir:           /tmp
Selector:          
FailOnDeprecation: false

2020-11-20T20:39:23.330379Z	info	tf	===============================
2020-11-20T20:39:23.330400Z	info	tf	Test run dir: /tmp/telemetry-stats-prometheus-tcp-
2020-11-20T20:39:23.330488Z	info	tf	Test Framework Kubernetes environment Settings:
KubeConfig:           [/root/bmctl-workspace/asm7-build71/asm7-build71-kubeconfig]
MiniKubeIngress:      false
ControlPlaneTopology: map[0:0]
NetworkTopology:      map[]

2020-11-20T20:39:23.333259Z	info	tf	=== BEGIN: Setup: 'telemetry_stats_prometheus_tcp' ===
2020-11-20T20:39:23.333308Z	info	tf	=== BEGIN: Deploy Istio [Suite=telemetry_stats_prometheus_tcp] ===
2020-11-20T20:39:23.333314Z	info	tf	=== Istio Component Config ===
2020-11-20T20:39:23.333354Z	info	tf	
SystemNamespace:                istio-system
IstioNamespace:                 istio-system
ConfigNamespace:                istio-system
TelemetryNamespace:             istio-system
PolicyNamespace:                istio-system
IngressNamespace:               istio-system
EgressNamespace:                istio-system
DeployIstio:                    true
DeployTimeout:                  5m0s
UndeployTimeout:                5m0s
Values:                         map[global.hub:gcr.io/istio-testing global.imagePullPolicy:Always global.tag:latest]
IOPFile:                        tests/integration/iop-integration-test-defaults.yaml
SkipWaitForValidationWebhook:   false
CustomSidecarInjectorNamespace: 

2020-11-20T20:39:23.333359Z	info	tf	================================
2020-11-20T20:39:23.334952Z	info	proto: tag has too few fields: "-"
2020-11-20T20:39:23.756772Z	info	tf	Running istio control plane on cluster cluster-0 [install --skip-confirmation -f /root/go_projects/src/istio.io/istio/tests/integration/iop-integration-test-defaults.yaml -f /tmp/telemetry-stats-prometheus-tcp-/_suite_context/istio-deployment-587749856/iop.yaml --set values.global.imagePullPolicy=Always --manifests /root/go_projects/src/istio.io/istio/manifests --set values.global.imagePullPolicy=Always --set values.global.hub=gcr.io/istio-testing --set values.global.tag=latest]

- Processing resources for Istio core.
✔ Istio core installed
- Processing resources for Istiod.
✔ Istiod installed
- Processing resources for Ingress gateways.
✔ Ingress gateways installed
- Pruning removed resources
✔ Installation complete2020-11-20T20:39:28.267418Z	info	tf	Creating dummy rule to check for validation webhook readiness
2020-11-20T20:40:28.309218Z	error	tf	=== Dumping Istio Deployment State...
2020-11-20T20:40:29.230989Z	info	tf	=== FAILED: Deploy Istio [Suite=telemetry_stats_prometheus_tcp] ===
2020-11-20T20:40:29.231087Z	error	tf	Test setup error: timeout while waiting (last error: validation webhook not ready yet: failed applying YAML to cluster cluster-0: error when creating "/tmp/telemetry-stats-prometheus-tcp-/_suite_context/tmpyaml_347991807": admission webhook "validation.istio.io" denied the request: unrecognized type rule: )
2020-11-20T20:40:29.231099Z	info	tf	=== FAILED: Setup: 'telemetry_stats_prometheus_tcp' (timeout while waiting (last error: validation webhook not ready yet: failed applying YAML to cluster cluster-0: error when creating "/tmp/telemetry-stats-prometheus-tcp-/_suite_context/tmpyaml_347991807": admission webhook "validation.istio.io" denied the request: unrecognized type rule: )) ===
2020-11-20T20:40:29.231104Z	error	tf	Exiting due to setup failure: timeout while waiting (last error: validation webhook not ready yet: failed applying YAML to cluster cluster-0: error when creating "/tmp/telemetry-stats-prometheus-tcp-/_suite_context/tmpyaml_347991807": admission webhook "validation.istio.io" denied the request: unrecognized type rule: )
FAIL	istio.io/istio/tests/integration/telemetry/stats/prometheus/tcp	66.027s
FAIL
